<?xml version="1.0" encoding="UTF-8"?>
<!-- Generated by org.testng.reporters.JUnitReportReporter -->
<testsuite skipped="0" hostname="DESKTOP-6K8Q28J" name="TestCases.PNBMetLIfeHomePage_TestCases" tests="2" failures="0" timestamp="2023-04-04T23:48:21 IST" time="268.646" errors="0">
  <testcase name="headerItem" time="267.683" classname="TestCases.PNBMetLIfeHomePage_TestCases"/>
  <system-out/>
  <testcase name="headerItems" time="0.963" classname="TestCases.PNBMetLIfeHomePage_TestCases"/>
  <system-out/>
</testsuite> <!-- TestCases.PNBMetLIfeHomePage_TestCases -->
