<?xml version="1.0" encoding="UTF-8"?>
<!-- Generated by org.testng.reporters.JUnitReportReporter -->
<testsuite hostname="DESKTOP-6K8Q28J" failures="0" tests="2" name="LoginListTestCases.CutomerLoginTestcases" time="344.856" errors="0" timestamp="2023-04-13T06:08:09 IST" skipped="0">
  <testcase classname="LoginListTestCases.CutomerLoginTestcases" name="loginTry" time="117.722"/>
  <system-out/>
  <testcase classname="LoginListTestCases.CutomerLoginTestcases" name="loginTry" time="227.134"/>
  <system-out/>
</testsuite> <!-- LoginListTestCases.CutomerLoginTestcases -->
