<?xml version="1.0" encoding="UTF-8"?>
<!-- Generated by org.testng.reporters.JUnitReportReporter -->
<testsuite hostname="DESKTOP-6K8Q28J" failures="0" tests="1" name="LoginListTestCases.LoginDropDownTestcase" time="168.250" errors="0" timestamp="2023-04-12T19:02:39 IST" skipped="0">
  <testcase classname="LoginListTestCases.LoginDropDownTestcase" name="loginBtn" time="168.250"/>
  <system-out/>
</testsuite> <!-- LoginListTestCases.LoginDropDownTestcase -->
