<?xml version="1.0" encoding="UTF-8"?>
<!-- Generated by org.testng.reporters.JUnitReportReporter -->
<testsuite hostname="DESKTOP-6K8Q28J" failures="0" tests="1" name="LoginListTestCases.CutomerLoginTestcases" time="108.198" errors="0" timestamp="2024-01-06T22:41:41 IST" skipped="0">
  <testcase classname="LoginListTestCases.CutomerLoginTestcases" name="aloginTry" time="108.198"/>
</testsuite> <!-- LoginListTestCases.CutomerLoginTestcases -->
